
  ___  ____  ____  ____  ____ ©
 /__    /   ____/   /   ____/      17.0
___/   /   /___/   /   /___/       SE—Standard Edition

 Statistics and Data Science       Copyright 1985-2021 StataCorp LLC
                                   StataCorp
                                   4905 Lakeway Drive
                                   College Station, Texas 77845 USA
                                   800-STATA-PC        https://www.stata.com
                                   979-696-4600        stata@stata.com

Stata license: 100-student lab perpetual
Serial number: 401706316154
  Licensed to: liukaiyuan
               1

Notes:
      1. Stata is running in batch mode.
      2. Unicode is supported; see help unicode_advice.
      3. Maximum number of variables is set to 5,000; see help set_maxvar.

. do D:\Stata\Data_done\02_do\04_export_analysis_csv.do 

. version 16.0

. clear all

. set more off

. 
. global ROOT "D:/Stata/Data_done"

. global WORK "$ROOT/01_data"

. global OUT  "$ROOT/03_logs"

. 
. capture log close

. log using "$OUT/export_analysis_csv.log", replace text
(file D:/Stata/Data_done/03_logs/export_analysis_csv.log not found)
-------------------------------------------------------------------------------
      name:  <unnamed>
       log:  D:/Stata/Data_done/03_logs/export_analysis_csv.log
  log type:  text
 opened on:  28 May 2026, 14:25:40

. 
. use "$WORK/analysis.dta", clear

. export delimited using "$WORK/analysis.csv", replace nolabel
file D:/Stata/Data_done/01_data/analysis.csv saved

. 
. display as text "Analysis CSV exported to $WORK/analysis.csv"
Analysis CSV exported to D:/Stata/Data_done/01_data/analysis.csv

. log close
      name:  <unnamed>
       log:  D:/Stata/Data_done/03_logs/export_analysis_csv.log
  log type:  text
 closed on:  28 May 2026, 14:25:40
-------------------------------------------------------------------------------

. 
end of do-file
