
  ___  ____  ____  ____  ____ ®
 /__    /   ____/   /   ____/      StataNow 18.5
___/   /   /___/   /   /___/       MP—Parallel Edition

 Statistics and Data Science       Copyright 1985-2023 StataCorp LLC
                                   StataCorp
                                   4905 Lakeway Drive
                                   College Station, Texas 77845 USA
                                   800-782-8272        https://www.stata.com
                                   979-696-4600        service@stata.com

Stata license: Single-user 16-core  perpetual
Serial number: 3851871377
  Licensed to: fwj
               

Notes:
      1. Stata is running in batch mode.
      2. Unicode is supported; see help unicode_advice.
      3. More than 2 billion observations are allowed; see help obs_advice.
      4. Maximum number of variables is set to 5,000 but can be increased;
          see help set_maxvar.

. do Data_done/02_do/00_master.do 

. version 16.0

. clear all

. set more off

. 
. * If this folder is moved, either run Stata with DATA_DONE_ROOT set to the
. * new Data_done folder path or edit the fallback path below.
. local envroot : env DATA_DONE_ROOT

. if `"`envroot'"' != "" {
.     global ROOT `"`envroot'"'
. }

. else {
.     global ROOT "/Users/Zhuanz1/Desktop/code/stata_essay/Data_done"
. }

. 
. global RAW  "$ROOT/01_data/source.dta"

. global WORK "$ROOT/01_data"

. global OUT  "$ROOT/03_logs"

. global DO   "$ROOT/02_do"

. 
. cap mkdir "$WORK"

. cap mkdir "$OUT"

. 
. do "$DO/01_build_analysis_data.do"

. version 16.0

. clear all

. set more off

. 
. capture log close

. log using "$OUT/build_analysis_data.log", replace text
-------------------------------------------------------------------------------
      name:  <unnamed>
       log:  /Users/Zhuanz1/Desktop/code/stata_essay/Data_done/03_logs/build_an
> alysis_data.log
  log type:  text
 opened on:  31 May 2026, 14:55:17

. 
. use "$RAW", clear

. 
. capture confirm variable year

. if _rc == 0 {
.     keep if year == 2022
(0 observations deleted)
. }

. else {
.     gen year = 2022
. }

. 
. gen age2 = age_^2 if !missing(age_)

. label variable age_ "Respondent age"

. label variable age2 "Respondent age squared"

. 
. gen lnwage = ln(wage + 1) if wage >= 0 & !missing(wage)
(4,934 missing values generated)

. label variable lnwage "Log individual wage income ln(wage+1)"

. 
. keep if inrange(age_, 18, 64)
(1,831 observations deleted)

. keep if !missing(wage)
(3,257 observations deleted)

. 
. egen miss_core = rowmiss(lnwage educ age_ age2 gen mar rural medsure_dum prov
> cd)

. keep if miss_core == 0
(19 observations deleted)

. drop miss_core

. 
. keep pid year provcd age_ age2 gen mar rural medsure_dum edu educ wage lnwage
>  inc1 job

. order pid year provcd age_ age2 gen mar rural medsure_dum edu educ wage lnwag
> e inc1 job

. 
. assert year == 2022

. assert inrange(age_, 18, 64)

. assert !missing(lnwage, educ, age2, gen, mar, rural, medsure_dum, provcd)

. 
. compress
  variable year was float now int
  variable age_ was float now byte
  variable age2 was float now int
  variable medsure_dum was float now byte
  variable job was float now byte
  variable provcd was double now byte
  variable gen was double now byte
  variable mar was double now byte
  variable rural was double now byte
  variable edu was double now byte
  variable educ was double now byte
  (258,445 bytes saved)

. save "$WORK/analysis.dta", replace
file /Users/Zhuanz1/Desktop/code/stata_essay/Data_done/01_data/analysis.dta
    saved

. save "$WORK/cfps2022_education_income_analysis.dta", replace
file
    /Users/Zhuanz1/Desktop/code/stata_essay/Data_done/01_data/cfps2022_educat
    > ion_income_analysis.dta saved

. 
. describe

Contains data from /Users/Zhuanz1/Desktop/code/stata_essay/Data_done/01_data/cf
> ps2022_education_income_analysis.dta
 Observations:         4,699                  
    Variables:            15                  31 May 2026 14:55
-------------------------------------------------------------------------------
Variable      Storage   Display    Value
    name         type    format    label      Variable label
-------------------------------------------------------------------------------
pid             double  %12.0g     resp1pid   财务回答人
year            int     %9.0g                 
provcd          byte    %24.0g     provcd22   2022年省国标码
age_            byte    %9.0g                 Respondent age
age2            int     %9.0g                 Respondent age squared
gen             byte    %9.0g                 性别 1=男 0=女
mar             byte    %9.0g                 婚姻状况 1=有配偶 0= 无配偶
rural           byte    %9.0g                 户口性质 1=农业户口 0=非农户口
medsure_dum     byte    %9.0g                 是否购买医保
edu             byte    %16.0g     edu        受教育程度 0=文盲/半文盲 1=小学
                                                2=初中 4=高中/中专/技校/职高
                                                5=大专 6=大学本科 7=硕士 8=博士
educ            byte    %9.0g                 受教育年限 受教育程度
                                                0=文盲/半文盲 6=小学 9=初中
                                                12=高中/中专/技校/职高 15=大专
                                                16=大学本科 19=硕士 22=博士
wage            float   %9.0g                 
lnwage          float   %9.0g                 Log individual wage income
                                                ln(wage+1)
inc1            float   %9.0g                 人均家庭纯收入
job             byte    %9.0g                 
-------------------------------------------------------------------------------
Sorted by: 

. summarize wage lnwage educ age_ age2

    Variable |        Obs        Mean    Std. dev.       Min        Max
-------------+---------------------------------------------------------
        wage |      4,699    60594.13    68985.46          0    1800000
      lnwage |      4,699     10.4892    1.567103          0    14.4033
        educ |      4,699    11.00617    4.376463          0         22
        age_ |      4,699    40.86678    10.92073         18         64
        age2 |      4,699    1789.331    919.7751        324       4096

. log close
      name:  <unnamed>
       log:  /Users/Zhuanz1/Desktop/code/stata_essay/Data_done/03_logs/build_an
> alysis_data.log
  log type:  text
 closed on:  31 May 2026, 14:55:17
-------------------------------------------------------------------------------

. 
end of do-file

. do "$DO/02_baseline_regression.do"

. version 16.0

. clear all

. set more off

. 
. capture log close

. log using "$OUT/regression.log", replace text
-------------------------------------------------------------------------------
      name:  <unnamed>
       log:  /Users/Zhuanz1/Desktop/code/stata_essay/Data_done/03_logs/regressi
> on.log
  log type:  text
 opened on:  31 May 2026, 14:55:17

. 
. use "$WORK/analysis.dta", clear

. 
. display as text "Sample size"
Sample size

. count
  4,699

. 
. display as text "Descriptive statistics: wage / lnwage / educ"
Descriptive statistics: wage / lnwage / educ

. summarize wage lnwage educ, detail

                            wage
-------------------------------------------------------------
      Percentiles      Smallest
 1%            0              0
 5%         5000              0
10%        10000              0       Obs               4,699
25%        26000              0       Sum of wgt.       4,699

50%        48000                      Mean           60594.13
                        Largest       Std. dev.      68985.46
75%        75000        1000000
90%       120000        1300000       Variance       4.76e+09
95%       150000        1320000       Skewness       8.532103
99%       300000        1800000       Kurtosis       152.1267

            Log individual wage income ln(wage+1)
-------------------------------------------------------------
      Percentiles      Smallest
 1%            0              0
 5%     8.517393              0
10%     9.210441              0       Obs               4,699
25%     10.16589              0       Sum of wgt.       4,699

50%     10.77898                      Mean            10.4892
                        Largest       Std. dev.      1.567103
75%     11.22526       13.81551
90%     11.69526       14.07788       Variance       2.455812
95%      11.9184       14.09314       Skewness      -4.180148
99%     12.61154        14.4033       Kurtosis       27.69488

     受教育年限 受教育程度 0=文盲/半文盲
      6=小学 9=初中 12=高中/中专/技校/职高
        15=大专 16=大学本科 19=硕士 22=博士
-------------------------------------------------------------
      Percentiles      Smallest
 1%            0              0
 5%            0              0
10%            6              0       Obs               4,699
25%            9              0       Sum of wgt.       4,699

50%           12                      Mean           11.00617
                        Largest       Std. dev.      4.376463
75%           15             22
90%           16             22       Variance       19.15343
95%           16             22       Skewness      -.5024093
99%           19             22       Kurtosis       3.025172

. 
. display as text "Education group frequency"
Education group frequency

. tabulate edu, missing

     受教育 |
       程度 |
    0=文盲/ |
     半文盲 |
     1=小学 |
     2=初中 |
    4=高中/ |
    中专/技 |
    校/职高 |
     5=大专 |
   6=大学本 |
         科 |
     7=硕士 |
     8=博士 |      Freq.     Percent        Cum.
------------+-----------------------------------
文盲/半文盲 |        243        5.17        5.17
       小学 |        589       12.53       17.71
       初中 |      1,463       31.13       48.84
       高中 |        774       16.47       65.31
       大专 |        702       14.94       80.25
   大学本科 |        824       17.54       97.79
       硕士 |         91        1.94       99.72
       博士 |         13        0.28      100.00
------------+-----------------------------------
      Total |      4,699      100.00

. 
. display as text "Gender distribution"
Gender distribution

. tabulate gen, missing

       性别 |
  1=男 0=女 |      Freq.     Percent        Cum.
------------+-----------------------------------
          0 |      1,996       42.48       42.48
          1 |      2,703       57.52      100.00
------------+-----------------------------------
      Total |      4,699      100.00

. 
. display as text "Rural hukou distribution"
Rural hukou distribution

. tabulate rural, missing

     户口性 |
         质 |
   1=农业户 |
         口 |
   0=非农户 |
         口 |      Freq.     Percent        Cum.
------------+-----------------------------------
          0 |        962       20.47       20.47
          1 |      3,737       79.53      100.00
------------+-----------------------------------
      Total |      4,699      100.00

. 
. display as text "Baseline model 1: lnwage on educ"
Baseline model 1: lnwage on educ

. regress lnwage educ, robust

Linear regression                               Number of obs     =      4,699
                                                F(1, 4697)        =     370.48
                                                Prob > F          =     0.0000
                                                R-squared         =     0.0773
                                                Root MSE          =     1.5054

------------------------------------------------------------------------------
             |               Robust
      lnwage | Coefficient  std. err.      t    P>|t|     [95% conf. interval]
-------------+----------------------------------------------------------------
        educ |   .0995784   .0051735    19.25   0.000      .089436    .1097209
       _cons |   9.393222   .0638145   147.20   0.000     9.268116    9.518328
------------------------------------------------------------------------------

. estimates store m1

. 
. display as text "Baseline model 2: add demographic and household controls"
Baseline model 2: add demographic and household controls

. regress lnwage educ age_ age2 gen mar rural medsure_dum, robust

Linear regression                               Number of obs     =      4,699
                                                F(7, 4691)        =      86.74
                                                Prob > F          =     0.0000
                                                R-squared         =     0.1272
                                                Root MSE          =     1.4652

------------------------------------------------------------------------------
             |               Robust
      lnwage | Coefficient  std. err.      t    P>|t|     [95% conf. interval]
-------------+----------------------------------------------------------------
        educ |   .0959362   .0062955    15.24   0.000     .0835941    .1082783
        age_ |   .1335977   .0201451     6.63   0.000     .0941037    .1730916
        age2 |   -.001719   .0002383    -7.21   0.000    -.0021862   -.0012519
         gen |   .5908126   .0447656    13.20   0.000     .5030511    .6785742
         mar |  -.0148977    .051433    -0.29   0.772    -.1157306    .0859352
       rural |   .0482324   .0598692     0.81   0.420    -.0691392    .1656041
 medsure_dum |  -.0176941   .0939337    -0.19   0.851    -.2018483    .1664602
       _cons |   6.699008   .4328464    15.48   0.000     5.850426    7.547591
------------------------------------------------------------------------------

. estimates store m2

. 
. display as text "Baseline model 3: add province fixed effects"
Baseline model 3: add province fixed effects

. regress lnwage educ age_ age2 gen mar rural medsure_dum i.provcd, robust

Linear regression                               Number of obs     =      4,699
                                                F(37, 4661)       =      24.81
                                                Prob > F          =     0.0000
                                                R-squared         =     0.1577
                                                Root MSE          =     1.4439

------------------------------------------------------------------------------
             |               Robust
      lnwage | Coefficient  std. err.      t    P>|t|     [95% conf. interval]
-------------+----------------------------------------------------------------
        educ |   .0881776    .006178    14.27   0.000     .0760658    .1002894
        age_ |   .1379286    .019703     7.00   0.000     .0993014    .1765558
        age2 |    -.00177   .0002331    -7.59   0.000     -.002227   -.0013129
         gen |   .5801749   .0447339    12.97   0.000     .4924753    .6678745
         mar |   .0165528   .0517301     0.32   0.749    -.0848626    .1179682
       rural |   .0378861   .0613436     0.62   0.537    -.0823763    .1581486
 medsure_dum |  -.0020021   .0909455    -0.02   0.982    -.1802983     .176294
             |
      provcd |
     天津市  |   .0890967   .2957304     0.30   0.763    -.4906748    .6688682
     河北省  |  -.3642774   .2328134    -1.56   0.118    -.8207019    .0921471
     山西省  |  -.2931074    .232929    -1.26   0.208    -.7497585    .1635437
内蒙古自~区  |  -1.957389   1.846047    -1.06   0.289    -5.576515    1.661737
     辽宁省  |  -.1897667    .226606    -0.84   0.402    -.6340217    .2544882
     吉林省  |  -.2723743   .2492762    -1.09   0.275    -.7610737     .216325
   黑龙江省  |  -.4528412   .2618548    -1.73   0.084    -.9662005    .0605181
     上海市  |   .4591108   .2314271     1.98   0.047     .0054041    .9128175
     江苏省  |   .4688841   .2235097     2.10   0.036     .0306993    .9070689
     浙江省  |   .3949306   .2289763     1.72   0.085    -.0539713    .8438325
     安徽省  |   .2202535   .2389596     0.92   0.357    -.2482202    .6887273
     福建省  |   .1501902   .2383602     0.63   0.529    -.3171086    .6174889
     江西省  |   .0728777   .2354881     0.31   0.757    -.3887904    .5345457
     山东省  |  -.1627241   .2398171    -0.68   0.497    -.6328792     .307431
     河南省  |  -.2168348   .2264603    -0.96   0.338    -.6608041    .2271345
     湖北省  |  -.3526761   .3483914    -1.01   0.311    -1.035688    .3303358
     湖南省  |   .1132401   .2271516     0.50   0.618    -.3320845    .5585647
     广东省  |   .1805538   .2192568     0.82   0.410    -.2492932    .6104008
广西壮族~区  |  -.3468178   .2692766    -1.29   0.198    -.8747275    .1810918
     海南省  |   .3733998   .3351516     1.11   0.265    -.2836558    1.030455
     重庆市  |  -.0862442   .4049135    -0.21   0.831    -.8800662    .7075777
     四川省  |  -.2626118   .2468025    -1.06   0.287    -.7464614    .2212378
     贵州省  |  -.2726147   .2467996    -1.10   0.269    -.7564587    .2112293
     云南省  |  -.4743469   .2908718    -1.63   0.103    -1.044593    .0958994
 西藏自治区  |   .3754199   .2655763     1.41   0.158    -.1452352    .8960751
     陕西省  |  -.2442075   .2724429    -0.90   0.370    -.7783244    .2899094
     甘肃省  |  -.2505279   .2239123    -1.12   0.263     -.689502    .1884462
     青海省  |   .5534844   .3126035     1.77   0.077    -.0593663    1.166335
宁夏回族~区  |   .2398989   .3058313     0.78   0.433    -.3596751    .8394729
新疆维吾~区  |  -.1247578   .2568421    -0.49   0.627    -.6282899    .3787743
             |
       _cons |   6.759267   .4513124    14.98   0.000     5.874481    7.644053
------------------------------------------------------------------------------

. estimates store m3

. 
. display as text "Robustness 1: categorical education instead of education yea
> rs"
Robustness 1: categorical education instead of education years

. regress lnwage i.edu age_ age2 gen mar rural medsure_dum i.provcd, robust

Linear regression                               Number of obs     =      4,699
                                                F(43, 4655)       =      24.69
                                                Prob > F          =     0.0000
                                                R-squared         =     0.1670
                                                Root MSE          =     1.4368

------------------------------------------------------------------------------
             |               Robust
      lnwage | Coefficient  std. err.      t    P>|t|     [95% conf. interval]
-------------+----------------------------------------------------------------
         edu |
       小学  |   .3803893   .1257338     3.03   0.002     .1338914    .6268871
       初中  |   .3669985   .1257515     2.92   0.004     .1204661     .613531
       高中  |   .6785526   .1306409     5.19   0.000     .4224345    .9346707
       大专  |   1.005424   .1320739     7.61   0.000      .746496    1.264351
   大学本科  |   1.325301   .1360907     9.74   0.000     1.058499    1.592103
       硕士  |   1.736151   .1924531     9.02   0.000     1.358852     2.11345
       博士  |   1.831393    .297272     6.16   0.000       1.2486    2.414187
             |
        age_ |   .1372555   .0196414     6.99   0.000      .098749     .175762
        age2 |  -.0017494   .0002321    -7.54   0.000    -.0022045   -.0012943
         gen |   .6011445   .0448681    13.40   0.000     .5131818    .6891073
         mar |   .0270735   .0517636     0.52   0.601    -.0744077    .1285548
       rural |   .0722726   .0615453     1.17   0.240    -.0483855    .1929306
 medsure_dum |  -.0008646   .0911342    -0.01   0.992    -.1795307    .1778016
             |
      provcd |
     天津市  |   .1070606   .2933329     0.36   0.715    -.4680108    .6821321
     河北省  |  -.3099552   .2316418    -1.34   0.181    -.7640829    .1441725
     山西省  |  -.2268036   .2315554    -0.98   0.327    -.6807618    .2271547
内蒙古自~区  |  -1.885841   1.814089    -1.04   0.299    -5.442315    1.670634
     辽宁省  |  -.1300067   .2248516    -0.58   0.563    -.5708223    .3108089
     吉林省  |  -.2489468   .2475968    -1.01   0.315    -.7343538    .2364601
   黑龙江省  |   -.391285   .2613961    -1.50   0.134    -.9037453    .1211752
     上海市  |   .4954186   .2292981     2.16   0.031     .0458857    .9449516
     江苏省  |   .5207137   .2223212     2.34   0.019     .0848588    .9565685
     浙江省  |   .4374225   .2263548     1.93   0.053    -.0063402    .8811852
     安徽省  |   .2502927   .2408727     1.04   0.299    -.2219319    .7225174
     福建省  |   .1992859   .2384986     0.84   0.403    -.2682843     .666856
     江西省  |   .1126187   .2340935     0.48   0.630    -.3463154    .5715528
     山东省  |  -.1278226   .2393609    -0.53   0.593    -.5970834    .3414382
     河南省  |  -.1642533   .2250243    -0.73   0.465    -.6054075    .2769009
     湖北省  |  -.3401249   .3457094    -0.98   0.325    -1.017879    .3376293
     湖南省  |   .1753607   .2269691     0.77   0.440    -.2696062    .6203276
     广东省  |   .2225934   .2182285     1.02   0.308    -.2052379    .6504246
广西壮族~区  |  -.2965474   .2663729    -1.11   0.266    -.8187644    .2256697
     海南省  |    .264469   .2989901     0.88   0.376    -.3216932    .8506312
     重庆市  |   -.051946   .4035476    -0.13   0.898    -.8430905    .7391984
     四川省  |  -.2463777   .2457435    -1.00   0.316    -.7281513    .2353959
     贵州省  |  -.2703569   .2459704    -1.10   0.272    -.7525754    .2118616
     云南省  |  -.4508874   .2901312    -1.55   0.120    -1.019682    .1179072
 西藏自治区  |   .1704445   .3100131     0.55   0.582    -.4373281    .7782171
     陕西省  |  -.2171663   .2727875    -0.80   0.426     -.751959    .3176265
     甘肃省  |  -.2457421   .2230221    -1.10   0.271     -.682971    .1914868
     青海省  |   .6040381   .3021835     2.00   0.046     .0116153    1.196461
宁夏回族~区  |   .2390356   .3243331     0.74   0.461    -.3968108    .8748821
新疆维吾~区  |  -.0902021   .2565666    -0.35   0.725    -.5931942      .41279
             |
       _cons |   6.938409   .4631077    14.98   0.000     6.030498     7.84632
------------------------------------------------------------------------------

. estimates store r_edu_cat

. 
. display as text "Robustness 2: household per-capita net income as alternative
>  outcome"
Robustness 2: household per-capita net income as alternative outcome

. gen lninc1 = ln(inc1 + 1) if inc1 >= 0 & !missing(inc1)

. label variable lninc1 "Log household per-capita net income ln(inc1+1)"

. regress lninc1 educ age_ age2 gen mar rural medsure_dum i.provcd, robust

Linear regression                               Number of obs     =      4,699
                                                F(37, 4661)       =      65.89
                                                Prob > F          =     0.0000
                                                R-squared         =     0.3395
                                                Root MSE          =     .73122

------------------------------------------------------------------------------
             |               Robust
      lninc1 | Coefficient  std. err.      t    P>|t|     [95% conf. interval]
-------------+----------------------------------------------------------------
        educ |   .0727777   .0030014    24.25   0.000     .0668936    .0786618
        age_ |  -.0292128   .0095812    -3.05   0.002    -.0479964   -.0104291
        age2 |    .000308   .0001109     2.78   0.005     .0000906    .0005254
         gen |   .0889716   .0223737     3.98   0.000     .0451086    .1328346
         mar |  -.2762342   .0320125    -8.63   0.000    -.3389938   -.2134746
       rural |  -.1809695   .0284194    -6.37   0.000     -.236685    -.125254
 medsure_dum |   .0391247   .0439604     0.89   0.374    -.0470586    .1253079
             |
      provcd |
     天津市  |   -.401317   .1514863    -2.65   0.008    -.6983018   -.1043323
     河北省  |  -.6709549   .1381704    -4.86   0.000    -.9418343   -.4000755
     山西省  |  -.7248842   .1377373    -5.26   0.000    -.9949145    -.454854
内蒙古自~区  |  -.3341481   .3728835    -0.90   0.370    -1.065176    .3968799
     辽宁省  |   -.427245    .132868    -3.22   0.001    -.6877291   -.1667609
     吉林省  |  -.5131493   .1418288    -3.62   0.000    -.7912008   -.2350978
   黑龙江省  |  -.5126756   .1393503    -3.68   0.000    -.7858682   -.2394831
     上海市  |   .1454022   .1373962     1.06   0.290    -.1239593    .4147638
     江苏省  |   .0310744    .141544     0.22   0.826    -.2464188    .3085676
     浙江省  |  -.0228586   .1392459    -0.16   0.870    -.2958465    .2501293
     安徽省  |  -.2478234   .1419983    -1.75   0.081    -.5262072    .0305603
     福建省  |  -.5026896    .165976    -3.03   0.002     -.828081   -.1772982
     江西省  |  -.4940461   .1555104    -3.18   0.001      -.79892   -.1891723
     山东省  |  -.4971216    .133151    -3.73   0.000    -.7581605   -.2360826
     河南省  |  -.6796395   .1319212    -5.15   0.000    -.9382675   -.4210116
     湖北省  |  -.3297262   .1521191    -2.17   0.030    -.6279516   -.0315007
     湖南省  |  -.4269313   .1407586    -3.03   0.002    -.7028848   -.1509778
     广东省  |  -.2883581   .1328806    -2.17   0.030    -.5488669   -.0278493
广西壮族~区  |  -.7500357   .1531232    -4.90   0.000     -1.05023   -.4498419
     海南省  |   .0232074   .4222403     0.05   0.956    -.8045834    .8509982
     重庆市  |  -.4482435   .1863727    -2.41   0.016    -.8136222   -.0828649
     四川省  |  -.5744451   .1407247    -4.08   0.000     -.850332   -.2985582
     贵州省  |  -.7902469   .1475055    -5.36   0.000    -1.079427   -.5010664
     云南省  |  -.6469519   .1522852    -4.25   0.000     -.945503   -.3484008
 西藏自治区  |   .4738484   .2026313     2.34   0.019     .0765953    .8711015
     陕西省  |     -.5349   .1481617    -3.61   0.000     -.825367    -.244433
     甘肃省  |  -.8243445   .1326652    -6.21   0.000    -1.084431   -.5642579
     青海省  |  -.2243832   .2608866    -0.86   0.390    -.7358443    .2870779
宁夏回族~区  |  -.3750516    .214874    -1.75   0.081    -.7963062     .046203
新疆维吾~区  |  -.3993751   .2043164    -1.95   0.051    -.7999319    .0011817
             |
       _cons |   11.00729   .2153387    51.12   0.000     10.58512    11.42945
------------------------------------------------------------------------------

. estimates store r_inc1

. 
. display as text "Sensitivity check: wage > 0 sample"
Sensitivity check: wage > 0 sample

. regress lnwage educ age_ age2 gen mar rural medsure_dum i.provcd if wage > 0,
>  robust

Linear regression                               Number of obs     =      4,638
                                                F(37, 4600)       =      51.35
                                                Prob > F          =     0.0000
                                                R-squared         =     0.2970
                                                Root MSE          =     .85091

------------------------------------------------------------------------------
             |               Robust
      lnwage | Coefficient  std. err.      t    P>|t|     [95% conf. interval]
-------------+----------------------------------------------------------------
        educ |    .078827   .0036782    21.43   0.000     .0716159     .086038
        age_ |   .0852155   .0107709     7.91   0.000     .0640994    .1063315
        age2 |  -.0011564    .000127    -9.11   0.000    -.0014053   -.0009075
         gen |   .5212703   .0265983    19.60   0.000     .4691249    .5734157
         mar |   .0790614   .0349045     2.27   0.024     .0106319     .147491
       rural |  -.0353516   .0336882    -1.05   0.294    -.1013966    .0306934
 medsure_dum |  -.0131727   .0551495    -0.24   0.811    -.1212921    .0949467
             |
      provcd |
     天津市  |   .0234343   .1657357     0.14   0.888    -.3014872    .3483559
     河北省  |  -.4416933   .1428138    -3.09   0.002    -.7216769   -.1617098
     山西省  |  -.4432413   .1444919    -3.07   0.002    -.7265148   -.1599678
内蒙古自~区  |  -.1723944   .3801939    -0.45   0.650    -.9177569    .5729682
     辽宁省  |  -.3529846   .1447486    -2.44   0.015    -.6367613   -.0692079
     吉林省  |  -.4192297   .1546604    -2.71   0.007    -.7224383   -.1160211
   黑龙江省  |  -.4711851   .1539694    -3.06   0.002    -.7730389   -.1693313
     上海市  |   .3197592   .1428496     2.24   0.025     .0397054     .599813
     江苏省  |   .2239551   .1496241     1.50   0.135    -.0693799      .51729
     浙江省  |   .2099532   .1431799     1.47   0.143    -.0707482    .4906546
     安徽省  |   .0666905   .1492607     0.45   0.655    -.2259321     .359313
     福建省  |  -.0921293   .1727578    -0.53   0.594    -.4308175    .2465588
     江西省  |  -.1957578   .1662605    -1.18   0.239    -.5217081    .1301925
     山东省  |   -.171854   .1430487    -1.20   0.230     -.452298    .1085901
     河南省  |  -.2905882   .1395691    -2.08   0.037    -.5642105   -.0169658
     湖北省  |   -.140058   .1667031    -0.84   0.401     -.466876      .18676
     湖南省  |  -.1284777   .1514189    -0.85   0.396    -.4253315    .1683761
     广东省  |  -.0023916   .1402347    -0.02   0.986     -.277319    .2725357
广西壮族~区  |  -.3718379   .1542216    -2.41   0.016    -.6741862   -.0694895
     海南省  |   .0918937   .3351526     0.27   0.784    -.5651662    .7489536
     重庆市  |   .0037714   .2007028     0.02   0.985    -.3897023    .3972452
     四川省  |  -.3066501   .1525269    -2.01   0.044    -.6056759   -.0076242
     贵州省  |  -.4294809    .165608    -2.59   0.010    -.7541521   -.1048097
     云南省  |  -.3653428    .156576    -2.33   0.020    -.6723069   -.0583787
 西藏自治区  |   .2297178   .2099571     1.09   0.274    -.1818989    .6413345
     陕西省  |  -.2793118    .158666    -1.76   0.078    -.5903733    .0317496
     甘肃省  |  -.3833517   .1394043    -2.75   0.006    -.6566511   -.1100523
     青海省  |   .2725032   .2555081     1.07   0.286    -.2284152    .7734217
宁夏回族~区  |   .0199878   .2436664     0.08   0.935    -.4577154    .4976909
新疆维吾~区  |  -.3828416   .1935509    -1.98   0.048    -.7622942    -.003389
             |
       _cons |   8.219183   .2421525    33.94   0.000     7.744448    8.693918
------------------------------------------------------------------------------

. estimates store s_wage_pos

. 
. log close
      name:  <unnamed>
       log:  /Users/Zhuanz1/Desktop/code/stata_essay/Data_done/03_logs/regressi
> on.log
  log type:  text
 closed on:  31 May 2026, 14:55:17
-------------------------------------------------------------------------------

. 
end of do-file

. do "$DO/03_make_report_figures.do"

. version 16.0

. clear all

. set more off

. 
. local envroot : env DATA_DONE_ROOT

. if `"`envroot'"' != "" {
.     global ROOT `"`envroot'"'
. }

. else {
.     global ROOT "/Users/Zhuanz1/Desktop/code/stata_essay/Data_done"
. }

. global WORK "$ROOT/01_data"

. global OUT  "$ROOT/03_logs"

. global FIG  "$ROOT/04_figures"

. 
. cap mkdir "$FIG"

. 
. capture log close

. capture log using "$OUT/report_figures.log", replace text

. 
. use "$WORK/analysis.dta", clear

. 
. label define edu_clean 0 "文盲/半文盲" 1 "小学" 2 "初中" 3 "高中/中专" 4 "大
> 专" 5 "大学本科" 6 "硕士" 7 "博士", replace

. label values edu edu_clean

. 
. capture graph set window fontface "Microsoft YaHei"

. capture graph set print fontface "Microsoft YaHei"

. set scheme s1color

. 
. histogram educ, discrete percent start(0) width(1) ///
>     xlabel(0 "0" 6 "6" 9 "9" 12 "12" 15 "15" 16 "16" 19 "19" 22 "22") ///
>     xtitle("受教育年限") ytitle("样本比例（%）") ///
>     title("图1 教育年限分布") ///
>     note("数据来源：CFPS 2022；样本量 N = 4,699。") ///
>     fcolor(navy%45) lcolor(navy) ///
>     graphregion(color(white)) plotregion(color(white))
(start=0, width=1)

. graph export "$FIG/fig1_educ_distribution.png", as(png) width(1800) replace
file /Users/Zhuanz1/Desktop/code/stata_essay/Data_done/04_figures/fig1_educ_dis
> tribution.png written in PNG format

. 
. graph bar (mean) lnwage, over(edu, label(angle(25))) ///
>     ytitle("平均 ln(wage + 1)") ///
>     title("图2 不同教育水平的平均收入") ///
>     note("教育水平按 CFPS 2022 分类变量 edu 分组。") ///
>     bar(1, color(navy%55) lcolor(navy)) ///
>     blabel(bar, format(%4.2f) color(black)) ///
>     graphregion(color(white)) plotregion(color(white))

. graph export "$FIG/fig2_mean_lnwage_by_edu.png", as(png) width(1800) replace
file /Users/Zhuanz1/Desktop/code/stata_essay/Data_done/04_figures/fig2_mean_lnw
> age_by_edu.png written in PNG format

. 
. preserve

. collapse (mean) mean_lnwage=lnwage (count) n=lnwage, by(educ)

. twoway ///
>     (scatter mean_lnwage educ, msymbol(circle) msize(large) mcolor(navy) lcol
> or(navy)) ///
>     (lfit mean_lnwage educ [aw=n], lcolor(maroon) lwidth(medthick)), ///
>     xlabel(0 "0" 6 "6" 9 "9" 12 "12" 15 "15" 16 "16" 19 "19" 22 "22") ///
>     xtitle("受教育年限") ytitle("各教育年限组平均 ln(wage + 1)") ///
>     title("图3 教育年限与收入的拟合关系") ///
>     legend(order(1 "分组均值" 2 "线性拟合") rows(1) position(6)) ///
>     note("点为各教育年限组均值；拟合线按组样本量加权。") ///
>     graphregion(color(white)) plotregion(color(white))

. graph export "$FIG/fig3_educ_lnwage_fit.png", as(png) width(1800) replace
file /Users/Zhuanz1/Desktop/code/stata_essay/Data_done/04_figures/fig3_educ_lnw
> age_fit.png written in PNG format

. restore

. 
. display as text "Report figures generated in $FIG"
Report figures generated in /Users/Zhuanz1/Desktop/code/stata_essay/Data_done/0
> 4_figures

. capture log close

. exit, clear

end of do-file

. do "$DO/04_export_analysis_csv.do"

. version 16.0

. clear all

. set more off

. 
. local envroot : env DATA_DONE_ROOT

. if `"`envroot'"' != "" {
.     global ROOT `"`envroot'"'
. }

. else {
.     global ROOT "/Users/Zhuanz1/Desktop/code/stata_essay/Data_done"
. }

. global WORK "$ROOT/01_data"

. global OUT  "$ROOT/03_logs"

. 
. capture log close

. log using "$OUT/export_analysis_csv.log", replace text
-------------------------------------------------------------------------------
      name:  <unnamed>
       log:  /Users/Zhuanz1/Desktop/code/stata_essay/Data_done/03_logs/export_a
> nalysis_csv.log
  log type:  text
 opened on:  31 May 2026, 14:55:23

. 
. use "$WORK/analysis.dta", clear

. export delimited using "$WORK/analysis.csv", replace nolabel
file /Users/Zhuanz1/Desktop/code/stata_essay/Data_done/01_data/analysis.csv sav
> ed

. 
. display as text "Analysis CSV exported to $WORK/analysis.csv"
Analysis CSV exported to /Users/Zhuanz1/Desktop/code/stata_essay/Data_done/01_d
> ata/analysis.csv

. log close
      name:  <unnamed>
       log:  /Users/Zhuanz1/Desktop/code/stata_essay/Data_done/03_logs/export_a
> nalysis_csv.log
  log type:  text
 closed on:  31 May 2026, 14:55:23
-------------------------------------------------------------------------------

. 
end of do-file

. 
. display as text "All CFPS 2022 education-income scripts finished."
All CFPS 2022 education-income scripts finished.

. 
end of do-file
